<?xml version="1.0" encoding="UTF-8"?>
<testng-results ignored="0" total="1" passed="1" failed="0" skipped="0">
  <reporter-output>
  </reporter-output>
  <suite started-at="2024-03-05T07:15:44Z" name="Default suite" finished-at="2024-03-05T07:15:50Z" duration-ms="5818">
    <groups>
    </groups>
    <test started-at="2024-03-05T07:15:44Z" name="Default test" finished-at="2024-03-05T07:15:50Z" duration-ms="5818">
      <class name="testcases.AdminPortal.LoginPageTest">
        <test-method is-config="true" signature="setUp()[pri:0, instance:testcases.AdminPortal.LoginPageTest@1a6c1270]" started-at="2024-03-05T12:45:43Z" name="setUp" finished-at="2024-03-05T12:45:44Z" duration-ms="1138" status="PASS">
          <reporter-output>
          </reporter-output>
        </test-method> <!-- setUp -->
        <test-method signature="admin_portal_loginPageTitleTest()[pri:1, instance:testcases.AdminPortal.LoginPageTest@1a6c1270]" started-at="2024-03-05T12:45:44Z" name="admin_portal_loginPageTitleTest" finished-at="2024-03-05T12:45:50Z" duration-ms="5806" status="PASS">
          <reporter-output>
          </reporter-output>
        </test-method> <!-- admin_portal_loginPageTitleTest -->
        <test-method is-config="true" signature="screenShot(org.testng.ITestResult)[pri:0, instance:testcases.AdminPortal.LoginPageTest@1a6c1270]" started-at="2024-03-05T12:45:50Z" name="screenShot" finished-at="2024-03-05T12:45:50Z" duration-ms="1" status="PASS">
          <params>
            <param index="0">
              <value>
                <![CDATA[[TestResult name=admin_portal_loginPageTitleTest status=SUCCESS method=LoginPageTest.admin_portal_loginPageTitleTest()[pri:1, instance:testcases.AdminPortal.LoginPageTest@1a6c1270] output={null}]]]>
              </value>
            </param>
          </params>
          <reporter-output>
          </reporter-output>
        </test-method> <!-- screenShot -->
        <test-method is-config="true" signature="destroyDriver()[pri:0, instance:testcases.AdminPortal.LoginPageTest@1a6c1270]" started-at="2024-03-05T12:45:50Z" name="destroyDriver" finished-at="2024-03-05T12:45:50Z" duration-ms="158" status="PASS">
          <reporter-output>
          </reporter-output>
        </test-method> <!-- destroyDriver -->
      </class> <!-- testcases.AdminPortal.LoginPageTest -->
    </test> <!-- Default test -->
  </suite> <!-- Default suite -->
</testng-results>
