<?xml version="1.0" encoding="UTF-8"?>
<testng-results ignored="0" total="1" passed="1" failed="0" skipped="0">
  <reporter-output>
  </reporter-output>
  <suite started-at="2024-02-12T05:26:59Z" name="WTT Application Test Automation Test Suite" finished-at="2024-02-12T05:27:16Z" duration-ms="16519">
    <groups>
    </groups>
    <test started-at="2024-02-12T05:26:59Z" name="WTT App Test Cases" finished-at="2024-02-12T05:27:16Z" duration-ms="16519">
      <class name="testcases.AdminPortal.LoginPageTest">
        <test-method is-config="true" signature="setUp()[pri:0, instance:testcases.AdminPortal.LoginPageTest@52b1beb6]" started-at="2024-02-12T10:56:57Z" name="setUp" finished-at="2024-02-12T10:56:59Z" duration-ms="2615" status="PASS">
          <reporter-output>
          </reporter-output>
        </test-method> <!-- setUp -->
        <test-method signature="admin_portal_loginPageTitleTest()[pri:1, instance:testcases.AdminPortal.LoginPageTest@52b1beb6]" started-at="2024-02-12T10:56:59Z" name="admin_portal_loginPageTitleTest" finished-at="2024-02-12T10:57:16Z" duration-ms="16506" status="PASS">
          <reporter-output>
          </reporter-output>
        </test-method> <!-- admin_portal_loginPageTitleTest -->
        <test-method is-config="true" signature="destroyDriver()[pri:0, instance:testcases.AdminPortal.LoginPageTest@52b1beb6]" started-at="2024-02-12T10:57:16Z" name="destroyDriver" finished-at="2024-02-12T10:57:16Z" duration-ms="147" status="PASS">
          <reporter-output>
          </reporter-output>
        </test-method> <!-- destroyDriver -->
      </class> <!-- testcases.AdminPortal.LoginPageTest -->
    </test> <!-- WTT App Test Cases -->
  </suite> <!-- WTT Application Test Automation Test Suite -->
</testng-results>
