<?xml version="1.0" encoding="UTF-8"?>
<testng-results ignored="0" total="1" passed="1" failed="0" skipped="0">
  <reporter-output>
  </reporter-output>
  <suite started-at="2024-03-14T12:41:46Z" name="Default suite" finished-at="2024-03-14T12:42:19Z" duration-ms="33291">
    <groups>
    </groups>
    <test started-at="2024-03-14T12:41:46Z" name="Default test" finished-at="2024-03-14T12:42:19Z" duration-ms="33291">
      <class name="testcases.AdminPortal.Testtestcase">
        <test-method is-config="true" signature="setUp()[pri:0, instance:testcases.AdminPortal.Testtestcase@6d167f58]" started-at="2024-03-14T18:11:45Z" name="setUp" finished-at="2024-03-14T18:11:46Z" duration-ms="1394" status="PASS">
          <reporter-output>
          </reporter-output>
        </test-method> <!-- setUp -->
        <test-method signature="test()[pri:0, instance:testcases.AdminPortal.Testtestcase@6d167f58]" started-at="2024-03-14T18:11:46Z" name="test" finished-at="2024-03-14T18:12:19Z" duration-ms="33277" status="PASS">
          <reporter-output>
          </reporter-output>
        </test-method> <!-- test -->
        <test-method is-config="true" signature="screenShot(org.testng.ITestResult)[pri:0, instance:testcases.AdminPortal.Testtestcase@6d167f58]" started-at="2024-03-14T18:12:19Z" name="screenShot" finished-at="2024-03-14T18:12:19Z" duration-ms="2" status="PASS">
          <params>
            <param index="0">
              <value>
                <![CDATA[[TestResult name=test status=SUCCESS method=Testtestcase.test()[pri:0, instance:testcases.AdminPortal.Testtestcase@6d167f58] output={null}]]]>
              </value>
            </param>
          </params>
          <reporter-output>
          </reporter-output>
        </test-method> <!-- screenShot -->
        <test-method is-config="true" signature="destroyDriver()[pri:0, instance:testcases.AdminPortal.Testtestcase@6d167f58]" started-at="2024-03-14T18:12:19Z" name="destroyDriver" finished-at="2024-03-14T18:12:20Z" duration-ms="337" status="PASS">
          <reporter-output>
          </reporter-output>
        </test-method> <!-- destroyDriver -->
      </class> <!-- testcases.AdminPortal.Testtestcase -->
    </test> <!-- Default test -->
  </suite> <!-- Default suite -->
</testng-results>
