<?xml version="1.0" encoding="UTF-8"?>
<testng-results ignored="0" total="1" passed="1" failed="0" skipped="0">
  <reporter-output>
  </reporter-output>
  <suite started-at="2024-03-07T18:32:38Z" name="Default suite" finished-at="2024-03-07T19:16:03Z" duration-ms="2605620">
    <groups>
    </groups>
    <test started-at="2024-03-07T18:32:38Z" name="Default test" finished-at="2024-03-07T19:16:03Z" duration-ms="2605620">
      <class name="testcases.AdminPortal.Eventcreation">
        <test-method is-config="true" signature="setUp()[pri:0, instance:testcases.AdminPortal.Eventcreation@d771cc9]" started-at="2024-03-08T00:02:37Z" name="setUp" finished-at="2024-03-08T00:02:38Z" duration-ms="1035" status="PASS">
          <reporter-output>
          </reporter-output>
        </test-method> <!-- setUp -->
        <test-method signature="crateevent()[pri:0, instance:testcases.AdminPortal.Eventcreation@d771cc9]" started-at="2024-03-08T00:02:38Z" name="crateevent" finished-at="2024-03-08T00:46:03Z" duration-ms="2605605" status="PASS">
          <reporter-output>
          </reporter-output>
        </test-method> <!-- crateevent -->
        <test-method is-config="true" signature="screenShot(org.testng.ITestResult)[pri:0, instance:testcases.AdminPortal.Eventcreation@d771cc9]" started-at="2024-03-08T00:46:03Z" name="screenShot" finished-at="2024-03-08T00:46:03Z" duration-ms="2" status="PASS">
          <params>
            <param index="0">
              <value>
                <![CDATA[[TestResult name=crateevent status=SUCCESS method=Eventcreation.crateevent()[pri:0, instance:testcases.AdminPortal.Eventcreation@d771cc9] output={null}]]]>
              </value>
            </param>
          </params>
          <reporter-output>
          </reporter-output>
        </test-method> <!-- screenShot -->
        <test-method is-config="true" signature="destroyDriver()[pri:0, instance:testcases.AdminPortal.Eventcreation@d771cc9]" started-at="2024-03-08T00:46:03Z" name="destroyDriver" finished-at="2024-03-08T00:46:04Z" duration-ms="230" status="PASS">
          <reporter-output>
          </reporter-output>
        </test-method> <!-- destroyDriver -->
      </class> <!-- testcases.AdminPortal.Eventcreation -->
    </test> <!-- Default test -->
  </suite> <!-- Default suite -->
</testng-results>
