<?xml version="1.0" encoding="UTF-8"?>
<testng-results ignored="0" total="1" passed="1" failed="0" skipped="0">
  <reporter-output>
  </reporter-output>
  <suite started-at="2024-03-26T05:58:54Z" name="WTT Application Test Automation Test Suite" finished-at="2024-03-26T06:20:20Z" duration-ms="1286595">
    <groups>
    </groups>
    <test started-at="2024-03-26T05:58:54Z" name="WTT App Test Cases for OES player entry details" finished-at="2024-03-26T06:20:20Z" duration-ms="1286595">
      <class name="testcases.OES.OESPlayerEntryDetailsClosedSubevents">
        <test-method is-config="true" signature="setUp()[pri:0, instance:testcases.OES.OESPlayerEntryDetailsClosedSubevents@157853da]" started-at="2024-03-26T11:28:52Z" name="setUp" finished-at="2024-03-26T11:28:54Z" duration-ms="1325" status="PASS">
          <reporter-output>
          </reporter-output>
        </test-method> <!-- setUp -->
        <test-method signature="OEsplayerentrydetailsclosedevents()[pri:0, instance:testcases.OES.OESPlayerEntryDetailsClosedSubevents@157853da]" started-at="2024-03-26T11:28:54Z" name="OEsplayerentrydetailsclosedevents" finished-at="2024-03-26T11:50:20Z" duration-ms="1286585" status="PASS">
          <reporter-output>
          </reporter-output>
        </test-method> <!-- OEsplayerentrydetailsclosedevents -->
        <test-method is-config="true" signature="screenShot(org.testng.ITestResult)[pri:0, instance:testcases.OES.OESPlayerEntryDetailsClosedSubevents@157853da]" started-at="2024-03-26T11:50:20Z" name="screenShot" finished-at="2024-03-26T11:50:20Z" duration-ms="0" status="PASS">
          <params>
            <param index="0">
              <value>
                <![CDATA[[TestResult name=OEsplayerentrydetailsclosedevents status=SUCCESS method=OESPlayerEntryDetailsClosedSubevents.OEsplayerentrydetailsclosedevents()[pri:0, instance:testcases.OES.OESPlayerEntryDetailsClosedSubevents@157853da] output={null}]]]>
              </value>
            </param>
          </params>
          <reporter-output>
          </reporter-output>
        </test-method> <!-- screenShot -->
        <test-method is-config="true" signature="destroyDriver()[pri:0, instance:testcases.OES.OESPlayerEntryDetailsClosedSubevents@157853da]" started-at="2024-03-26T11:50:20Z" name="destroyDriver" finished-at="2024-03-26T11:50:21Z" duration-ms="633" status="PASS">
          <reporter-output>
          </reporter-output>
        </test-method> <!-- destroyDriver -->
      </class> <!-- testcases.OES.OESPlayerEntryDetailsClosedSubevents -->
    </test> <!-- WTT App Test Cases for OES player entry details -->
  </suite> <!-- WTT Application Test Automation Test Suite -->
</testng-results>
