<?xml version="1.0" encoding="UTF-8"?>
<testng-results ignored="0" total="1" passed="1" failed="0" skipped="0">
  <reporter-output>
  </reporter-output>
  <suite started-at="2024-03-21T05:06:24Z" name="Default suite" finished-at="2024-03-21T05:27:36Z" duration-ms="1271910">
    <groups>
    </groups>
    <test started-at="2024-03-21T05:06:24Z" name="Default test" finished-at="2024-03-21T05:27:36Z" duration-ms="1271910">
      <class name="testcases.OES.OESPlayerEntryDetails">
        <test-method is-config="true" signature="setUp()[pri:0, instance:testcases.OES.OESPlayerEntryDetails@6d167f58]" started-at="2024-03-21T10:36:23Z" name="setUp" finished-at="2024-03-21T10:36:24Z" duration-ms="1569" status="PASS">
          <reporter-output>
          </reporter-output>
        </test-method> <!-- setUp -->
        <test-method signature="OEsplayerentrydetails()[pri:0, instance:testcases.OES.OESPlayerEntryDetails@6d167f58]" started-at="2024-03-21T10:36:24Z" name="OEsplayerentrydetails" finished-at="2024-03-21T10:57:36Z" duration-ms="1271898" status="PASS">
          <reporter-output>
          </reporter-output>
        </test-method> <!-- OEsplayerentrydetails -->
        <test-method is-config="true" signature="screenShot(org.testng.ITestResult)[pri:0, instance:testcases.OES.OESPlayerEntryDetails@6d167f58]" started-at="2024-03-21T10:57:36Z" name="screenShot" finished-at="2024-03-21T10:57:36Z" duration-ms="2" status="PASS">
          <params>
            <param index="0">
              <value>
                <![CDATA[[TestResult name=OEsplayerentrydetails status=SUCCESS method=OESPlayerEntryDetails.OEsplayerentrydetails()[pri:0, instance:testcases.OES.OESPlayerEntryDetails@6d167f58] output={null}]]]>
              </value>
            </param>
          </params>
          <reporter-output>
          </reporter-output>
        </test-method> <!-- screenShot -->
        <test-method is-config="true" signature="destroyDriver()[pri:0, instance:testcases.OES.OESPlayerEntryDetails@6d167f58]" started-at="2024-03-21T10:57:36Z" name="destroyDriver" finished-at="2024-03-21T10:57:37Z" duration-ms="570" status="PASS">
          <reporter-output>
          </reporter-output>
        </test-method> <!-- destroyDriver -->
      </class> <!-- testcases.OES.OESPlayerEntryDetails -->
    </test> <!-- Default test -->
  </suite> <!-- Default suite -->
</testng-results>
