<?xml version="1.0" encoding="UTF-8"?>
<testng-results ignored="0" total="1" passed="1" failed="0" skipped="0">
  <reporter-output>
  </reporter-output>
  <suite started-at="2024-02-06T09:24:22Z" name="Default suite" finished-at="2024-02-06T09:24:22Z" duration-ms="429">
    <groups>
    </groups>
    <test started-at="2024-02-06T09:24:22Z" name="Default test" finished-at="2024-02-06T09:24:22Z" duration-ms="429">
      <class name="testcases.LoginPageTest">
        <test-method is-config="true" signature="setUp()[pri:0, instance:testcases.LoginPageTest@20c0a64d]" started-at="2024-02-06T14:54:20Z" name="setUp" finished-at="2024-02-06T14:54:22Z" duration-ms="1550" status="PASS">
          <reporter-output>
          </reporter-output>
        </test-method> <!-- setUp -->
        <test-method signature="loginPageTitleTest()[pri:1, instance:testcases.LoginPageTest@20c0a64d]" started-at="2024-02-06T14:54:22Z" name="loginPageTitleTest" finished-at="2024-02-06T14:54:22Z" duration-ms="418" status="PASS">
          <reporter-output>
          </reporter-output>
        </test-method> <!-- loginPageTitleTest -->
        <test-method is-config="true" signature="destroyDriver()[pri:0, instance:testcases.LoginPageTest@20c0a64d]" started-at="2024-02-06T14:54:22Z" name="destroyDriver" finished-at="2024-02-06T14:54:22Z" duration-ms="146" status="PASS">
          <reporter-output>
          </reporter-output>
        </test-method> <!-- destroyDriver -->
      </class> <!-- testcases.LoginPageTest -->
    </test> <!-- Default test -->
  </suite> <!-- Default suite -->
</testng-results>
