<?xml version="1.0" encoding="UTF-8"?>
<testng-results ignored="0" total="1" passed="1" failed="0" skipped="0">
  <reporter-output>
  </reporter-output>
  <suite started-at="2024-03-15T10:02:16Z" name="Default suite" finished-at="2024-03-15T10:13:16Z" duration-ms="660438">
    <groups>
    </groups>
    <test started-at="2024-03-15T10:02:16Z" name="Default test" finished-at="2024-03-15T10:13:16Z" duration-ms="660438">
      <class name="testcases.AdminPortal.SubEventcreation">
        <test-method is-config="true" signature="setUp()[pri:0, instance:testcases.AdminPortal.SubEventcreation@6d167f58]" started-at="2024-03-15T15:32:14Z" name="setUp" finished-at="2024-03-15T15:32:16Z" duration-ms="1517" status="PASS">
          <reporter-output>
          </reporter-output>
        </test-method> <!-- setUp -->
        <test-method signature="subcrateevent()[pri:0, instance:testcases.AdminPortal.SubEventcreation@6d167f58]" started-at="2024-03-15T15:32:16Z" name="subcrateevent" finished-at="2024-03-15T15:43:16Z" duration-ms="660427" status="PASS">
          <reporter-output>
          </reporter-output>
        </test-method> <!-- subcrateevent -->
        <test-method is-config="true" signature="screenShot(org.testng.ITestResult)[pri:0, instance:testcases.AdminPortal.SubEventcreation@6d167f58]" started-at="2024-03-15T15:43:16Z" name="screenShot" finished-at="2024-03-15T15:43:16Z" duration-ms="0" status="PASS">
          <params>
            <param index="0">
              <value>
                <![CDATA[[TestResult name=subcrateevent status=SUCCESS method=SubEventcreation.subcrateevent()[pri:0, instance:testcases.AdminPortal.SubEventcreation@6d167f58] output={null}]]]>
              </value>
            </param>
          </params>
          <reporter-output>
          </reporter-output>
        </test-method> <!-- screenShot -->
        <test-method is-config="true" signature="destroyDriver()[pri:0, instance:testcases.AdminPortal.SubEventcreation@6d167f58]" started-at="2024-03-15T15:43:16Z" name="destroyDriver" finished-at="2024-03-15T15:43:17Z" duration-ms="702" status="PASS">
          <reporter-output>
          </reporter-output>
        </test-method> <!-- destroyDriver -->
      </class> <!-- testcases.AdminPortal.SubEventcreation -->
    </test> <!-- Default test -->
  </suite> <!-- Default suite -->
</testng-results>
