<?xml version="1.0" encoding="UTF-8"?>
<testng-results skipped="0" failed="0" ignored="0" total="1" passed="1">
  <reporter-output>
  </reporter-output>
  <suite name="FREE CRM Application Test Automation Test Suite" duration-ms="56" started-at="2024-02-03T10:17:13Z" finished-at="2024-02-03T10:17:13Z">
    <groups>
    </groups>
    <test name="Free CRM App Test Cases" duration-ms="56" started-at="2024-02-03T10:17:13Z" finished-at="2024-02-03T10:17:13Z">
      <class name="testcases.LoginPageTest">
        <test-method status="PASS" signature="setUp()[pri:0, instance:testcases.LoginPageTest@42d80b78]" name="setUp" is-config="true" duration-ms="6940" started-at="2024-02-03T15:47:06Z" finished-at="2024-02-03T15:47:13Z">
          <reporter-output>
          </reporter-output>
        </test-method> <!-- setUp -->
        <test-method status="PASS" signature="loginPageTitleTest()[pri:1, instance:testcases.LoginPageTest@42d80b78]" name="loginPageTitleTest" duration-ms="29" started-at="2024-02-03T15:47:13Z" finished-at="2024-02-03T15:47:13Z">
          <reporter-output>
          </reporter-output>
        </test-method> <!-- loginPageTitleTest -->
        <test-method status="PASS" signature="destroyDriver()[pri:0, instance:testcases.LoginPageTest@42d80b78]" name="destroyDriver" is-config="true" duration-ms="711" started-at="2024-02-03T15:47:13Z" finished-at="2024-02-03T15:47:14Z">
          <reporter-output>
          </reporter-output>
        </test-method> <!-- destroyDriver -->
      </class> <!-- testcases.LoginPageTest -->
    </test> <!-- Free CRM App Test Cases -->
  </suite> <!-- FREE CRM Application Test Automation Test Suite -->
</testng-results>
