<?xml version="1.0" encoding="UTF-8"?>
<testng-results ignored="0" total="1" passed="1" failed="0" skipped="0">
  <reporter-output>
  </reporter-output>
  <suite started-at="2024-03-01T09:34:09Z" name="Default suite" finished-at="2024-03-01T09:38:29Z" duration-ms="259877">
    <groups>
    </groups>
    <test started-at="2024-03-01T09:34:09Z" name="Default test" finished-at="2024-03-01T09:38:29Z" duration-ms="259877">
      <class name="testcases.AdminPortal.Eventcreation">
        <test-method is-config="true" signature="setUp()[pri:0, instance:testcases.AdminPortal.Eventcreation@d771cc9]" started-at="2024-03-01T15:04:08Z" name="setUp" finished-at="2024-03-01T15:04:09Z" duration-ms="1038" status="PASS">
          <reporter-output>
          </reporter-output>
        </test-method> <!-- setUp -->
        <test-method signature="crateevent()[pri:0, instance:testcases.AdminPortal.Eventcreation@d771cc9]" started-at="2024-03-01T15:04:09Z" name="crateevent" finished-at="2024-03-01T15:08:29Z" duration-ms="259865" status="PASS">
          <reporter-output>
          </reporter-output>
        </test-method> <!-- crateevent -->
        <test-method is-config="true" signature="screenShot(org.testng.ITestResult)[pri:0, instance:testcases.AdminPortal.Eventcreation@d771cc9]" started-at="2024-03-01T15:08:29Z" name="screenShot" finished-at="2024-03-01T15:08:29Z" duration-ms="1" status="PASS">
          <params>
            <param index="0">
              <value>
                <![CDATA[[TestResult name=crateevent status=SUCCESS method=Eventcreation.crateevent()[pri:0, instance:testcases.AdminPortal.Eventcreation@d771cc9] output={null}]]]>
              </value>
            </param>
          </params>
          <reporter-output>
          </reporter-output>
        </test-method> <!-- screenShot -->
        <test-method is-config="true" signature="destroyDriver()[pri:0, instance:testcases.AdminPortal.Eventcreation@d771cc9]" started-at="2024-03-01T15:08:29Z" name="destroyDriver" finished-at="2024-03-01T15:08:30Z" duration-ms="142" status="PASS">
          <reporter-output>
          </reporter-output>
        </test-method> <!-- destroyDriver -->
      </class> <!-- testcases.AdminPortal.Eventcreation -->
    </test> <!-- Default test -->
  </suite> <!-- Default suite -->
</testng-results>
