<?xml version="1.0" encoding="UTF-8"?>
<testng-results ignored="0" total="1" passed="1" failed="0" skipped="0">
  <reporter-output>
  </reporter-output>
  <suite started-at="2024-03-11T07:52:40Z" name="Default suite" finished-at="2024-03-11T08:01:02Z" duration-ms="502195">
    <groups>
    </groups>
    <test started-at="2024-03-11T07:52:40Z" name="Default test" finished-at="2024-03-11T08:01:02Z" duration-ms="502195">
      <class name="testcases.AdminPortal.Eventcreation">
        <test-method is-config="true" signature="setUp()[pri:0, instance:testcases.AdminPortal.Eventcreation@1b75c2e3]" started-at="2024-03-11T13:22:38Z" name="setUp" finished-at="2024-03-11T13:22:40Z" duration-ms="1121" status="PASS">
          <reporter-output>
          </reporter-output>
        </test-method> <!-- setUp -->
        <test-method signature="crateevent()[pri:0, instance:testcases.AdminPortal.Eventcreation@1b75c2e3]" started-at="2024-03-11T13:22:40Z" name="crateevent" finished-at="2024-03-11T13:31:02Z" duration-ms="502184" status="PASS">
          <reporter-output>
          </reporter-output>
        </test-method> <!-- crateevent -->
        <test-method is-config="true" signature="screenShot(org.testng.ITestResult)[pri:0, instance:testcases.AdminPortal.Eventcreation@1b75c2e3]" started-at="2024-03-11T13:31:02Z" name="screenShot" finished-at="2024-03-11T13:31:02Z" duration-ms="1" status="PASS">
          <params>
            <param index="0">
              <value>
                <![CDATA[[TestResult name=crateevent status=SUCCESS method=Eventcreation.crateevent()[pri:0, instance:testcases.AdminPortal.Eventcreation@1b75c2e3] output={null}]]]>
              </value>
            </param>
          </params>
          <reporter-output>
          </reporter-output>
        </test-method> <!-- screenShot -->
        <test-method is-config="true" signature="destroyDriver()[pri:0, instance:testcases.AdminPortal.Eventcreation@1b75c2e3]" started-at="2024-03-11T13:31:02Z" name="destroyDriver" finished-at="2024-03-11T13:31:02Z" duration-ms="571" status="PASS">
          <reporter-output>
          </reporter-output>
        </test-method> <!-- destroyDriver -->
      </class> <!-- testcases.AdminPortal.Eventcreation -->
    </test> <!-- Default test -->
  </suite> <!-- Default suite -->
</testng-results>
