<?xml version="1.0" encoding="UTF-8"?>
<testng-results ignored="0" total="1" passed="1" failed="0" skipped="0">
  <reporter-output>
  </reporter-output>
  <suite started-at="2024-02-13T11:45:43Z" name="WTT Application Test Automation Test Suite" finished-at="2024-02-13T11:45:59Z" duration-ms="16497">
    <groups>
    </groups>
    <test started-at="2024-02-13T11:45:43Z" name="WTT App Test Cases" finished-at="2024-02-13T11:45:59Z" duration-ms="16497">
      <class name="testcases.AdminPortal.LoginPageTest">
        <test-method is-config="true" signature="setUp()[pri:0, instance:testcases.AdminPortal.LoginPageTest@272113c4]" started-at="2024-02-13T17:15:39Z" name="setUp" finished-at="2024-02-13T17:15:43Z" duration-ms="3092" status="PASS">
          <reporter-output>
          </reporter-output>
        </test-method> <!-- setUp -->
        <test-method signature="admin_portal_loginPageTitleTest()[pri:1, instance:testcases.AdminPortal.LoginPageTest@272113c4]" started-at="2024-02-13T17:15:43Z" name="admin_portal_loginPageTitleTest" finished-at="2024-02-13T17:15:59Z" duration-ms="16484" status="PASS">
          <reporter-output>
          </reporter-output>
        </test-method> <!-- admin_portal_loginPageTitleTest -->
        <test-method is-config="true" signature="screenShot(org.testng.ITestResult)[pri:0, instance:testcases.AdminPortal.LoginPageTest@272113c4]" started-at="2024-02-13T17:15:59Z" name="screenShot" finished-at="2024-02-13T17:15:59Z" duration-ms="1" status="PASS">
          <params>
            <param index="0">
              <value>
                <![CDATA[[TestResult name=admin_portal_loginPageTitleTest status=SUCCESS method=LoginPageTest.admin_portal_loginPageTitleTest()[pri:1, instance:testcases.AdminPortal.LoginPageTest@272113c4] output={null}]]]>
              </value>
            </param>
          </params>
          <reporter-output>
          </reporter-output>
        </test-method> <!-- screenShot -->
        <test-method is-config="true" signature="destroyDriver()[pri:0, instance:testcases.AdminPortal.LoginPageTest@272113c4]" started-at="2024-02-13T17:15:59Z" name="destroyDriver" finished-at="2024-02-13T17:15:59Z" duration-ms="144" status="PASS">
          <reporter-output>
          </reporter-output>
        </test-method> <!-- destroyDriver -->
      </class> <!-- testcases.AdminPortal.LoginPageTest -->
    </test> <!-- WTT App Test Cases -->
  </suite> <!-- WTT Application Test Automation Test Suite -->
</testng-results>
